<?xml version="1.0" encoding="UTF-8"?>
<testsuite xmlns:xsi="http://www.w3.org/2001/XMLSchema-instance" xsi:noNamespaceSchemaLocation="https://maven.apache.org/surefire/maven-surefire-plugin/xsd/surefire-test-report-3.0.xsd" version="3.0" name="TC15_DesactivarCategoria" time="55.335" tests="1" errors="0" skipped="0" failures="0">
  <properties>
[...]
</properties>
  <testcase name="testDesactivarCategoria" classname="TC15_DesactivarCategoria" time="52.359">
    <system-out><![CDATA[=== INICIANDO TEST: Desactivación de Categoría ===
--- Preparacion: Login como Administrador ---
SweetAlert de login cerrado
Login como administrador exitoso
--- Preparacion: Crear categoría para prueba ---
Categoría creada para prueba: Cat8291
--- Paso 2: Verificar categoría en menú del cliente ---
Categoría encontrada en menú: Cat8291
Resultado Paso 2: Categoría aparece en menú - OK
--- Paso 3: Desactivar categoría ---
--- Confirmando desactivación ---
Resultado Paso 3: Categoría desactivada - OK
--- Paso 4: Verificar que desaparece del menú ---
Categoría correctamente desapareció del menú: Cat8291
Resultado Paso 4: Categoría desaparece del menú - OK
TEST EXITOSO: Desactivación de categoría completada correctamente
Categoría: Cat8291
Estado cambiado de 'Activa' a 'Inactiva'
Categoría desapareció correctamente del menú del cliente
]]></system-out>
    <system-err><![CDATA[SLF4J: No SLF4J providers were found.
SLF4J: Defaulting to no-operation (NOP) logger implementation
SLF4J: See https://www.slf4j.org/codes.html#noProviders for further details.
Starting ChromeDriver 142.0.7444.175 (302067f14a4ea3f42001580e6101fa25ed343445-refs/branch-heads/7444@{#2749}) on port 4105
Only local connections are allowed.
Please see https://chromedriver.chromium.org/security-considerations for suggestions on keeping ChromeDriver safe.
ChromeDriver was started successfully on port 4105.
nov. 28, 2025 2:15:17 P. M. org.openqa.selenium.remote.ProtocolHandshake createSession
INFORMACIÓN: Detected dialect: W3C
]]></system-err>
  </testcase>
</testsuite>