<?xml version="1.0" encoding="UTF-8"?>
<testsuite xmlns:xsi="http://www.w3.org/2001/XMLSchema-instance" xsi:noNamespaceSchemaLocation="https://maven.apache.org/surefire/maven-surefire-plugin/xsd/surefire-test-report-3.0.xsd" version="3.0" name="TC3_ValidacionCamposVacios" time="35.283" tests="1" errors="0" skipped="0" failures="0">
  <properties>
[...]
</properties>
  <testcase name="testValidacionCamposVacios" classname="TC3_ValidacionCamposVacios" time="32.619">
    <system-out><![CDATA[=== INICIANDO TEST: Validacion de Campos Vacios en Login ===
Pagina cargada: frt-restaurante
Paso 1: Clic en Iniciar Sesion
Resultado Paso 1: Se visualizan los campos Usuario y Contraseña - OK
--- Ejecutando Paso 2 ---
Usuario dejado vacio, contraseña ingresada: passwordIncorrecta
Clic en boton Iniciar Sesion
Resultado Paso 2: Se muestra validacion 'Completa este campo' en campo usuario - OK
URL permanece igual: http://localhost:5173/login
No se muestra modal SweetAlert - OK
--- Ejecutando Paso 3 ---
Pagina recargada para limpiar campos
Valor campo usuario despues de refresh: ''
Valor campo contraseña despues de refresh: ''
Usuario ingresado: admin, contraseña dejada vacia
Valor campo contraseña antes de click: ''
Clic en boton Iniciar Sesion
Resultado Paso 3: Se muestra validacion 'Completa este campo' en campo contraseña - OK
URL permanece igual: http://localhost:5173/login
No se muestra modal SweetAlert - OK
TEST EXITOSO: Validacion de campos vacios completada correctamente
El sistema muestra validaciones nativas cuando los campos estan vacios
Formulario no se envia - comportamiento correcto
No se muestran modales SweetAlert - comportamiento correcto
]]></system-out>
    <system-err><![CDATA[SLF4J: No SLF4J providers were found.
SLF4J: Defaulting to no-operation (NOP) logger implementation
SLF4J: See https://www.slf4j.org/codes.html#noProviders for further details.
Starting ChromeDriver 142.0.7444.175 (302067f14a4ea3f42001580e6101fa25ed343445-refs/branch-heads/7444@{#2749}) on port 28016
Only local connections are allowed.
Please see https://chromedriver.chromium.org/security-considerations for suggestions on keeping ChromeDriver safe.
ChromeDriver was started successfully on port 28016.
nov. 28, 2025 10:11:49 A. M. org.openqa.selenium.remote.ProtocolHandshake createSession
INFORMACIÓN: Detected dialect: W3C
]]></system-err>
  </testcase>
</testsuite>